Performing C SOURCE FILE Test CMAKE_HAVE_LIBC_PTHREAD failed with the following output:
Change Dir: /home/alg/underwater_ws/src/hippocampus/startup_node/cmake-build-debug/CMakeFiles/CMakeTmp

Run Build Command(s):/usr/bin/make cmTC_5c4ab/fast && /usr/bin/make -f CMakeFiles/cmTC_5c4ab.dir/build.make CMakeFiles/cmTC_5c4ab.dir/build
make[1]: Entering directory '/home/alg/underwater_ws/src/hippocampus/startup_node/cmake-build-debug/CMakeFiles/CMakeTmp'
Building C object CMakeFiles/cmTC_5c4ab.dir/src.c.o
/usr/bin/cc   -DCMAKE_HAVE_LIBC_PTHREAD   -o CMakeFiles/cmTC_5c4ab.dir/src.c.o   -c /home/alg/underwater_ws/src/hippocampus/startup_node/cmake-build-debug/CMakeFiles/CMakeTmp/src.c
Linking C executable cmTC_5c4ab
/home/alg/.local/share/JetBrains/Toolbox/apps/CLion/ch-0/192.6817.32/bin/cmake/linux/bin/cmake -E cmake_link_script CMakeFiles/cmTC_5c4ab.dir/link.txt --verbose=1
/usr/bin/cc  -DCMAKE_HAVE_LIBC_PTHREAD    -rdynamic CMakeFiles/cmTC_5c4ab.dir/src.c.o  -o cmTC_5c4ab 
CMakeFiles/cmTC_5c4ab.dir/src.c.o: In function `main':
src.c:(.text+0x3c): undefined reference to `pthread_create'
src.c:(.text+0x48): undefined reference to `pthread_detach'
src.c:(.text+0x59): undefined reference to `pthread_join'
src.c:(.text+0x6d): undefined reference to `pthread_atfork'
collect2: error: ld returned 1 exit status
CMakeFiles/cmTC_5c4ab.dir/build.make:86: recipe for target 'cmTC_5c4ab' failed
make[1]: *** [cmTC_5c4ab] Error 1
make[1]: Leaving directory '/home/alg/underwater_ws/src/hippocampus/startup_node/cmake-build-debug/CMakeFiles/CMakeTmp'
Makefile:121: recipe for target 'cmTC_5c4ab/fast' failed
make: *** [cmTC_5c4ab/fast] Error 2


Source file was:
#include <pthread.h>

void* test_func(void* data)
{
  return data;
}

int main(void)
{
  pthread_t thread;
  pthread_create(&thread, NULL, test_func, NULL);
  pthread_detach(thread);
  pthread_join(thread, NULL);
  pthread_atfork(NULL, NULL, NULL);
  pthread_exit(NULL);

  return 0;
}

Determining if the function pthread_create exists in the pthreads failed with the following output:
Change Dir: /home/alg/underwater_ws/src/hippocampus/startup_node/cmake-build-debug/CMakeFiles/CMakeTmp

Run Build Command(s):/usr/bin/make cmTC_1db51/fast && /usr/bin/make -f CMakeFiles/cmTC_1db51.dir/build.make CMakeFiles/cmTC_1db51.dir/build
make[1]: Entering directory '/home/alg/underwater_ws/src/hippocampus/startup_node/cmake-build-debug/CMakeFiles/CMakeTmp'
Building C object CMakeFiles/cmTC_1db51.dir/CheckFunctionExists.c.o
/usr/bin/cc   -DCHECK_FUNCTION_EXISTS=pthread_create   -o CMakeFiles/cmTC_1db51.dir/CheckFunctionExists.c.o   -c /home/alg/.local/share/JetBrains/Toolbox/apps/CLion/ch-0/192.6817.32/bin/cmake/linux/share/cmake-3.15/Modules/CheckFunctionExists.c
Linking C executable cmTC_1db51
/home/alg/.local/share/JetBrains/Toolbox/apps/CLion/ch-0/192.6817.32/bin/cmake/linux/bin/cmake -E cmake_link_script CMakeFiles/cmTC_1db51.dir/link.txt --verbose=1
/usr/bin/cc  -DCHECK_FUNCTION_EXISTS=pthread_create    -rdynamic CMakeFiles/cmTC_1db51.dir/CheckFunctionExists.c.o  -o cmTC_1db51 -lpthreads 
/usr/bin/ld: cannot find -lpthreads
collect2: error: ld returned 1 exit status
CMakeFiles/cmTC_1db51.dir/build.make:86: recipe for target 'cmTC_1db51' failed
make[1]: *** [cmTC_1db51] Error 1
make[1]: Leaving directory '/home/alg/underwater_ws/src/hippocampus/startup_node/cmake-build-debug/CMakeFiles/CMakeTmp'
Makefile:121: recipe for target 'cmTC_1db51/fast' failed
make: *** [cmTC_1db51/fast] Error 2



